[0.009s] Invoking command in '/home/yuan/chapt2/chapt2_ws/src/build/demo_cpp_pkg': CMAKE_PREFIX_PATH=/opt/ros/humble /usr/bin/cmake --build /home/yuan/chapt2/chapt2_ws/src/build/demo_cpp_pkg -- -j16 -l16
[0.032s] -- Found ament_cmake: 1.3.12 (/opt/ros/humble/share/ament_cmake/cmake)
[0.128s] -- Found rclcpp: 16.0.16 (/opt/ros/humble/share/rclcpp/cmake)
[0.149s] -- Found rosidl_generator_c: 3.1.7 (/opt/ros/humble/share/rosidl_generator_c/cmake)
[0.151s] -- Found rosidl_adapter: 3.1.7 (/opt/ros/humble/share/rosidl_adapter/cmake)
[0.155s] -- Found rosidl_generator_cpp: 3.1.7 (/opt/ros/humble/share/rosidl_generator_cpp/cmake)
[0.161s] -- Using all available rosidl_typesupport_c: rosidl_typesupport_fastrtps_c;rosidl_typesupport_introspection_c
[0.170s] -- Using all available rosidl_typesupport_cpp: rosidl_typesupport_fastrtps_cpp;rosidl_typesupport_introspection_cpp
[0.192s] -- Found rmw_implementation_cmake: 6.1.2 (/opt/ros/humble/share/rmw_implementation_cmake/cmake)
[0.193s] -- Found rmw_fastrtps_cpp: 6.2.9 (/opt/ros/humble/share/rmw_fastrtps_cpp/cmake)
[0.274s] -- Using RMW implementation 'rmw_fastrtps_cpp' as default
[0.310s] -- Found ament_lint_auto: 0.12.14 (/opt/ros/humble/share/ament_lint_auto/cmake)
[0.374s] -- Added test 'cppcheck' to perform static code analysis on C / C++ code
[0.375s] -- Configured cppcheck include dirs: 
[0.375s] -- Configured cppcheck exclude dirs and/or files: 
[0.376s] -- Added test 'flake8' to check Python code syntax and style conventions
[0.378s] -- Added test 'lint_cmake' to check CMake code style
[0.379s] -- Added test 'pep257' to check Python code against some of the docstring style conventions in PEP 257
[0.386s] -- Added test 'uncrustify' to check C / C++ code style
[0.386s] -- Configured uncrustify additional arguments: 
[0.387s] -- Added test 'xmllint' to check XML markup files
[0.388s] -- Configuring done
[0.408s] -- Generating done
[0.414s] -- Build files have been written to: /home/yuan/chapt2/chapt2_ws/src/build/demo_cpp_pkg
[0.438s] [35m[1mConsolidate compiler generated dependencies of target learn_shared_ptr[0m
[0.438s] [35m[1mConsolidate compiler generated dependencies of target learn_auto[0m
[0.438s] [35m[1mConsolidate compiler generated dependencies of target learn_function[0m
[0.438s] [35m[1mConsolidate compiler generated dependencies of target learn_lambda[0m
[0.438s] [35m[1mConsolidate compiler generated dependencies of target cpp_node[0m
[0.438s] [35m[1mConsolidate compiler generated dependencies of target person_node[0m
[0.447s] [  7%] [32mBuilding CXX object CMakeFiles/learn_thread.dir/src/learn_thread.cpp.o[0m
[0.448s] [ 42%] Built target learn_auto
[0.449s] [ 50%] Built target learn_shared_ptr
[0.449s] [ 50%] Built target learn_lambda
[0.449s] [ 57%] [32mBuilding CXX object CMakeFiles/learn_function.dir/src/learn_function.cpp.o[0m
[0.454s] [ 85%] Built target cpp_node
[0.454s] [ 85%] Built target person_node
[0.506s] [01m[K/home/yuan/chapt2/chapt2_ws/src/demo_cpp_pkg/src/learn_thread.cpp:6:10:[m[K [01;31m[Kfatal error: [m[Kcpp-httplib/httplib.h: 没有那个文件或目录
[0.506s]     6 | #include [01;31m[K<cpp-httplib/httplib.h>[m[K
[0.506s]       |          [01;31m[K^~~~~~~~~~~~~~~~~~~~~~~[m[K
[0.506s] compilation terminated.
[0.512s] gmake[2]: *** [CMakeFiles/learn_thread.dir/build.make:76：CMakeFiles/learn_thread.dir/src/learn_thread.cpp.o] 错误 1
[0.513s] gmake[1]: *** [CMakeFiles/Makefile2:305：CMakeFiles/learn_thread.dir/all] 错误 2
[0.513s] gmake[1]: *** 正在等待未完成的任务....
[0.789s] [ 92%] [32m[1mLinking CXX executable learn_function[0m
[0.851s] [ 92%] Built target learn_function
[0.852s] gmake: *** [Makefile:146：all] 错误 2
[0.855s] Invoked command in '/home/yuan/chapt2/chapt2_ws/src/build/demo_cpp_pkg' returned '2': CMAKE_PREFIX_PATH=/opt/ros/humble /usr/bin/cmake --build /home/yuan/chapt2/chapt2_ws/src/build/demo_cpp_pkg -- -j16 -l16
