[0.008s] Invoking command in '/home/yuan/chapt2/chapt2_ws/src/build/demo_cpp_pkg': CMAKE_PREFIX_PATH=/opt/ros/humble /usr/bin/cmake /home/yuan/chapt2/chapt2_ws/src/demo_cpp_pkg -DCMAKE_INSTALL_PREFIX=/home/yuan/chapt2/chapt2_ws/src/install/demo_cpp_pkg
[0.052s] -- The C compiler identification is GNU 11.4.0
[0.096s] -- The CXX compiler identification is GNU 11.4.0
[0.102s] -- Detecting C compiler ABI info
[0.160s] -- Detecting C compiler ABI info - done
[0.166s] -- Check for working C compiler: /usr/bin/cc - skipped
[0.166s] -- Detecting C compile features
[0.166s] -- Detecting C compile features - done
[0.168s] -- Detecting CXX compiler ABI info
[0.235s] -- Detecting CXX compiler ABI info - done
[0.241s] -- Check for working CXX compiler: /usr/bin/c++ - skipped
[0.241s] -- Detecting CXX compile features
[0.241s] -- Detecting CXX compile features - done
[0.243s] -- Found ament_cmake: 1.3.12 (/opt/ros/humble/share/ament_cmake/cmake)
[0.359s] -- Found Python3: /usr/bin/python3 (found version "3.10.12") found components: Interpreter 
[0.427s] -- Found rclcpp: 16.0.16 (/opt/ros/humble/share/rclcpp/cmake)
[0.457s] -- Found rosidl_generator_c: 3.1.7 (/opt/ros/humble/share/rosidl_generator_c/cmake)
[0.460s] -- Found rosidl_adapter: 3.1.7 (/opt/ros/humble/share/rosidl_adapter/cmake)
[0.466s] -- Found rosidl_generator_cpp: 3.1.7 (/opt/ros/humble/share/rosidl_generator_cpp/cmake)
[0.475s] -- Using all available rosidl_typesupport_c: rosidl_typesupport_fastrtps_c;rosidl_typesupport_introspection_c
[0.487s] -- Using all available rosidl_typesupport_cpp: rosidl_typesupport_fastrtps_cpp;rosidl_typesupport_introspection_cpp
[0.518s] -- Found rmw_implementation_cmake: 6.1.2 (/opt/ros/humble/share/rmw_implementation_cmake/cmake)
[0.520s] -- Found rmw_fastrtps_cpp: 6.2.9 (/opt/ros/humble/share/rmw_fastrtps_cpp/cmake)
[0.593s] -- Found OpenSSL: /usr/lib/x86_64-linux-gnu/libcrypto.so (found version "3.0.2")  
[0.615s] -- Found FastRTPS: /opt/ros/humble/include  
[0.649s] -- Using RMW implementation 'rmw_fastrtps_cpp' as default
[0.655s] -- Looking for pthread.h
[0.716s] -- Looking for pthread.h - found
[0.716s] -- Performing Test CMAKE_HAVE_LIBC_PTHREAD
[0.780s] -- Performing Test CMAKE_HAVE_LIBC_PTHREAD - Success
[0.781s] -- Found Threads: TRUE  
[0.819s] -- Found ament_lint_auto: 0.12.14 (/opt/ros/humble/share/ament_lint_auto/cmake)
[0.878s] -- Added test 'cppcheck' to perform static code analysis on C / C++ code
[0.878s] -- Configured cppcheck include dirs: 
[0.878s] -- Configured cppcheck exclude dirs and/or files: 
[0.879s] -- Added test 'lint_cmake' to check CMake code style
[0.880s] -- Added test 'uncrustify' to check C / C++ code style
[0.880s] -- Configured uncrustify additional arguments: 
[0.880s] -- Added test 'xmllint' to check XML markup files
[0.881s] -- Configuring done
[0.892s] -- Generating done
[0.896s] -- Build files have been written to: /home/yuan/chapt2/chapt2_ws/src/build/demo_cpp_pkg
[0.905s] Invoked command in '/home/yuan/chapt2/chapt2_ws/src/build/demo_cpp_pkg' returned '0': CMAKE_PREFIX_PATH=/opt/ros/humble /usr/bin/cmake /home/yuan/chapt2/chapt2_ws/src/demo_cpp_pkg -DCMAKE_INSTALL_PREFIX=/home/yuan/chapt2/chapt2_ws/src/install/demo_cpp_pkg
[0.906s] Invoking command in '/home/yuan/chapt2/chapt2_ws/src/build/demo_cpp_pkg': CMAKE_PREFIX_PATH=/opt/ros/humble /usr/bin/cmake --build /home/yuan/chapt2/chapt2_ws/src/build/demo_cpp_pkg -- -j16 -l16
[0.950s] [ 33%] [32mBuilding CXX object CMakeFiles/cpp_node.dir/src/cpp_node.cpp.o[0m
[0.951s] [ 33%] [32mBuilding CXX object CMakeFiles/person_node.dir/src/person_node.cpp.o[0m
[0.951s] [ 50%] [32mBuilding CXX object CMakeFiles/learn_auto.dir/src/learn_auto.cpp.o[0m
[1.176s] [ 66%] [32m[1mLinking CXX executable learn_auto[0m
[1.257s] [ 66%] Built target learn_auto
[3.203s] [ 83%] [32m[1mLinking CXX executable cpp_node[0m
[3.230s] [100%] [32m[1mLinking CXX executable person_node[0m
[3.291s] [100%] Built target cpp_node
[3.316s] [100%] Built target person_node
[3.327s] Invoked command in '/home/yuan/chapt2/chapt2_ws/src/build/demo_cpp_pkg' returned '0': CMAKE_PREFIX_PATH=/opt/ros/humble /usr/bin/cmake --build /home/yuan/chapt2/chapt2_ws/src/build/demo_cpp_pkg -- -j16 -l16
[3.335s] Invoking command in '/home/yuan/chapt2/chapt2_ws/src/build/demo_cpp_pkg': CMAKE_PREFIX_PATH=/opt/ros/humble /usr/bin/cmake --install /home/yuan/chapt2/chapt2_ws/src/build/demo_cpp_pkg
[3.341s] -- Install configuration: ""
[3.342s] -- Installing: /home/yuan/chapt2/chapt2_ws/src/install/demo_cpp_pkg/lib/demo_cpp_pkg/cpp_node
[3.342s] -- Set runtime path of "/home/yuan/chapt2/chapt2_ws/src/install/demo_cpp_pkg/lib/demo_cpp_pkg/cpp_node" to ""
[3.342s] -- Installing: /home/yuan/chapt2/chapt2_ws/src/install/demo_cpp_pkg/lib/demo_cpp_pkg/person_node
[3.342s] -- Set runtime path of "/home/yuan/chapt2/chapt2_ws/src/install/demo_cpp_pkg/lib/demo_cpp_pkg/person_node" to ""
[3.342s] -- Installing: /home/yuan/chapt2/chapt2_ws/src/install/demo_cpp_pkg/lib/demo_cpp_pkg/learn_auto
[3.343s] -- Set runtime path of "/home/yuan/chapt2/chapt2_ws/src/install/demo_cpp_pkg/lib/demo_cpp_pkg/learn_auto" to ""
[3.343s] -- Installing: /home/yuan/chapt2/chapt2_ws/src/install/demo_cpp_pkg/share/ament_index/resource_index/package_run_dependencies/demo_cpp_pkg
[3.343s] -- Installing: /home/yuan/chapt2/chapt2_ws/src/install/demo_cpp_pkg/share/ament_index/resource_index/parent_prefix_path/demo_cpp_pkg
[3.343s] -- Installing: /home/yuan/chapt2/chapt2_ws/src/install/demo_cpp_pkg/share/demo_cpp_pkg/environment/ament_prefix_path.sh
[3.343s] -- Installing: /home/yuan/chapt2/chapt2_ws/src/install/demo_cpp_pkg/share/demo_cpp_pkg/environment/ament_prefix_path.dsv
[3.343s] -- Installing: /home/yuan/chapt2/chapt2_ws/src/install/demo_cpp_pkg/share/demo_cpp_pkg/environment/path.sh
[3.344s] -- Installing: /home/yuan/chapt2/chapt2_ws/src/install/demo_cpp_pkg/share/demo_cpp_pkg/environment/path.dsv
[3.344s] -- Installing: /home/yuan/chapt2/chapt2_ws/src/install/demo_cpp_pkg/share/demo_cpp_pkg/local_setup.bash
[3.344s] -- Installing: /home/yuan/chapt2/chapt2_ws/src/install/demo_cpp_pkg/share/demo_cpp_pkg/local_setup.sh
[3.344s] -- Installing: /home/yuan/chapt2/chapt2_ws/src/install/demo_cpp_pkg/share/demo_cpp_pkg/local_setup.zsh
[3.344s] -- Installing: /home/yuan/chapt2/chapt2_ws/src/install/demo_cpp_pkg/share/demo_cpp_pkg/local_setup.dsv
[3.344s] -- Installing: /home/yuan/chapt2/chapt2_ws/src/install/demo_cpp_pkg/share/demo_cpp_pkg/package.dsv
[3.345s] -- Installing: /home/yuan/chapt2/chapt2_ws/src/install/demo_cpp_pkg/share/ament_index/resource_index/packages/demo_cpp_pkg
[3.345s] -- Installing: /home/yuan/chapt2/chapt2_ws/src/install/demo_cpp_pkg/share/demo_cpp_pkg/cmake/demo_cpp_pkgConfig.cmake
[3.345s] -- Installing: /home/yuan/chapt2/chapt2_ws/src/install/demo_cpp_pkg/share/demo_cpp_pkg/cmake/demo_cpp_pkgConfig-version.cmake
[3.345s] -- Installing: /home/yuan/chapt2/chapt2_ws/src/install/demo_cpp_pkg/share/demo_cpp_pkg/package.xml
[3.346s] Invoked command in '/home/yuan/chapt2/chapt2_ws/src/build/demo_cpp_pkg' returned '0': CMAKE_PREFIX_PATH=/opt/ros/humble /usr/bin/cmake --install /home/yuan/chapt2/chapt2_ws/src/build/demo_cpp_pkg
