[0.009s] Invoking command in '/home/yuan/chapt4/chapt4_ws/build/demo_cpp_service': AMENT_PREFIX_PATH=/home/yuan/chapt4/chapt4_ws/install/chapt4_interfaces:${AMENT_PREFIX_PATH} CMAKE_PREFIX_PATH=/home/yuan/chapt4/chapt4_ws/install/chapt4_interfaces:/opt/ros/humble LD_LIBRARY_PATH=/home/yuan/chapt4/chapt4_ws/install/chapt4_interfaces/lib:${LD_LIBRARY_PATH} PYTHONPATH=/home/yuan/chapt4/chapt4_ws/install/chapt4_interfaces/local/lib/python3.10/dist-packages:${PYTHONPATH} /usr/bin/cmake --build /home/yuan/chapt4/chapt4_ws/build/demo_cpp_service -- -j16 -l16
[0.050s] [35m[1mConsolidate compiler generated dependencies of target turtle_control[0m
[0.051s] [35m[1mConsolidate compiler generated dependencies of target patrol_client[0m
[0.071s] [100%] Built target patrol_client
[0.072s] [100%] Built target turtle_control
[0.226s] Invoked command in '/home/yuan/chapt4/chapt4_ws/build/demo_cpp_service' returned '0': AMENT_PREFIX_PATH=/home/yuan/chapt4/chapt4_ws/install/chapt4_interfaces:${AMENT_PREFIX_PATH} CMAKE_PREFIX_PATH=/home/yuan/chapt4/chapt4_ws/install/chapt4_interfaces:/opt/ros/humble LD_LIBRARY_PATH=/home/yuan/chapt4/chapt4_ws/install/chapt4_interfaces/lib:${LD_LIBRARY_PATH} PYTHONPATH=/home/yuan/chapt4/chapt4_ws/install/chapt4_interfaces/local/lib/python3.10/dist-packages:${PYTHONPATH} /usr/bin/cmake --build /home/yuan/chapt4/chapt4_ws/build/demo_cpp_service -- -j16 -l16
[0.227s] Invoking command in '/home/yuan/chapt4/chapt4_ws/build/demo_cpp_service': AMENT_PREFIX_PATH=/home/yuan/chapt4/chapt4_ws/install/chapt4_interfaces:${AMENT_PREFIX_PATH} CMAKE_PREFIX_PATH=/home/yuan/chapt4/chapt4_ws/install/chapt4_interfaces:/opt/ros/humble LD_LIBRARY_PATH=/home/yuan/chapt4/chapt4_ws/install/chapt4_interfaces/lib:${LD_LIBRARY_PATH} PYTHONPATH=/home/yuan/chapt4/chapt4_ws/install/chapt4_interfaces/local/lib/python3.10/dist-packages:${PYTHONPATH} /usr/bin/cmake --install /home/yuan/chapt4/chapt4_ws/build/demo_cpp_service
[0.234s] -- Install configuration: ""
[0.234s] -- Up-to-date: /home/yuan/chapt4/chapt4_ws/install/demo_cpp_service/lib/demo_cpp_service/turtle_control
[0.234s] -- Up-to-date: /home/yuan/chapt4/chapt4_ws/install/demo_cpp_service/lib/demo_cpp_service/patrol_client
[0.235s] -- Up-to-date: /home/yuan/chapt4/chapt4_ws/install/demo_cpp_service/share/ament_index/resource_index/package_run_dependencies/demo_cpp_service
[0.235s] -- Up-to-date: /home/yuan/chapt4/chapt4_ws/install/demo_cpp_service/share/ament_index/resource_index/parent_prefix_path/demo_cpp_service
[0.235s] -- Up-to-date: /home/yuan/chapt4/chapt4_ws/install/demo_cpp_service/share/demo_cpp_service/environment/ament_prefix_path.sh
[0.235s] -- Up-to-date: /home/yuan/chapt4/chapt4_ws/install/demo_cpp_service/share/demo_cpp_service/environment/ament_prefix_path.dsv
[0.235s] -- Up-to-date: /home/yuan/chapt4/chapt4_ws/install/demo_cpp_service/share/demo_cpp_service/environment/path.sh
[0.235s] -- Up-to-date: /home/yuan/chapt4/chapt4_ws/install/demo_cpp_service/share/demo_cpp_service/environment/path.dsv
[0.235s] -- Up-to-date: /home/yuan/chapt4/chapt4_ws/install/demo_cpp_service/share/demo_cpp_service/local_setup.bash
[0.235s] -- Up-to-date: /home/yuan/chapt4/chapt4_ws/install/demo_cpp_service/share/demo_cpp_service/local_setup.sh
[0.235s] -- Up-to-date: /home/yuan/chapt4/chapt4_ws/install/demo_cpp_service/share/demo_cpp_service/local_setup.zsh
[0.235s] -- Up-to-date: /home/yuan/chapt4/chapt4_ws/install/demo_cpp_service/share/demo_cpp_service/local_setup.dsv
[0.236s] -- Installing: /home/yuan/chapt4/chapt4_ws/install/demo_cpp_service/share/demo_cpp_service/package.dsv
[0.236s] -- Up-to-date: /home/yuan/chapt4/chapt4_ws/install/demo_cpp_service/share/ament_index/resource_index/packages/demo_cpp_service
[0.236s] -- Up-to-date: /home/yuan/chapt4/chapt4_ws/install/demo_cpp_service/share/demo_cpp_service/cmake/demo_cpp_serviceConfig.cmake
[0.236s] -- Up-to-date: /home/yuan/chapt4/chapt4_ws/install/demo_cpp_service/share/demo_cpp_service/cmake/demo_cpp_serviceConfig-version.cmake
[0.236s] -- Up-to-date: /home/yuan/chapt4/chapt4_ws/install/demo_cpp_service/share/demo_cpp_service/package.xml
[0.238s] Invoked command in '/home/yuan/chapt4/chapt4_ws/build/demo_cpp_service' returned '0': AMENT_PREFIX_PATH=/home/yuan/chapt4/chapt4_ws/install/chapt4_interfaces:${AMENT_PREFIX_PATH} CMAKE_PREFIX_PATH=/home/yuan/chapt4/chapt4_ws/install/chapt4_interfaces:/opt/ros/humble LD_LIBRARY_PATH=/home/yuan/chapt4/chapt4_ws/install/chapt4_interfaces/lib:${LD_LIBRARY_PATH} PYTHONPATH=/home/yuan/chapt4/chapt4_ws/install/chapt4_interfaces/local/lib/python3.10/dist-packages:${PYTHONPATH} /usr/bin/cmake --install /home/yuan/chapt4/chapt4_ws/build/demo_cpp_service
