[0.010s] Invoking command in '/home/yuan/chapt4/chapt4_ws/build/demo_cpp_service': CMAKE_PREFIX_PATH=/home/yuan/chapt4/chapt4_ws/install/chapt4_interfaces:/home/yuan/chapt4/chapt4_ws/install/demo_cpp_service:/home/yuan/astra_ws/install/astra_camera:/home/yuan/astra_ws/install/astra_camera_msgs:/home/yuan/chapt4/chapt4_ws/install/demo_python_service:/opt/ros/humble /usr/bin/cmake --build /home/yuan/chapt4/chapt4_ws/build/demo_cpp_service -- -j16 -l16
[0.060s] [100%] Built target patrol_client
[0.060s] [100%] Built target turtle_control
[0.216s] Invoked command in '/home/yuan/chapt4/chapt4_ws/build/demo_cpp_service' returned '0': CMAKE_PREFIX_PATH=/home/yuan/chapt4/chapt4_ws/install/chapt4_interfaces:/home/yuan/chapt4/chapt4_ws/install/demo_cpp_service:/home/yuan/astra_ws/install/astra_camera:/home/yuan/astra_ws/install/astra_camera_msgs:/home/yuan/chapt4/chapt4_ws/install/demo_python_service:/opt/ros/humble /usr/bin/cmake --build /home/yuan/chapt4/chapt4_ws/build/demo_cpp_service -- -j16 -l16
[0.217s] Invoking command in '/home/yuan/chapt4/chapt4_ws/build/demo_cpp_service': CMAKE_PREFIX_PATH=/home/yuan/chapt4/chapt4_ws/install/chapt4_interfaces:/home/yuan/chapt4/chapt4_ws/install/demo_cpp_service:/home/yuan/astra_ws/install/astra_camera:/home/yuan/astra_ws/install/astra_camera_msgs:/home/yuan/chapt4/chapt4_ws/install/demo_python_service:/opt/ros/humble /usr/bin/cmake --install /home/yuan/chapt4/chapt4_ws/build/demo_cpp_service
[0.224s] -- Install configuration: ""
[0.224s] -- Up-to-date: /home/yuan/chapt4/chapt4_ws/install/demo_cpp_service/lib/demo_cpp_service/turtle_control
[0.225s] -- Up-to-date: /home/yuan/chapt4/chapt4_ws/install/demo_cpp_service/lib/demo_cpp_service/patrol_client
[0.225s] -- Up-to-date: /home/yuan/chapt4/chapt4_ws/install/demo_cpp_service/share/demo_cpp_service//launch
[0.225s] -- Installing: /home/yuan/chapt4/chapt4_ws/install/demo_cpp_service/share/demo_cpp_service//launch/demo.launch.py
[0.225s] -- Up-to-date: /home/yuan/chapt4/chapt4_ws/install/demo_cpp_service/share/ament_index/resource_index/package_run_dependencies/demo_cpp_service
[0.225s] -- Up-to-date: /home/yuan/chapt4/chapt4_ws/install/demo_cpp_service/share/ament_index/resource_index/parent_prefix_path/demo_cpp_service
[0.225s] -- Up-to-date: /home/yuan/chapt4/chapt4_ws/install/demo_cpp_service/share/demo_cpp_service/environment/ament_prefix_path.sh
[0.225s] -- Up-to-date: /home/yuan/chapt4/chapt4_ws/install/demo_cpp_service/share/demo_cpp_service/environment/ament_prefix_path.dsv
[0.225s] -- Up-to-date: /home/yuan/chapt4/chapt4_ws/install/demo_cpp_service/share/demo_cpp_service/environment/path.sh
[0.226s] -- Up-to-date: /home/yuan/chapt4/chapt4_ws/install/demo_cpp_service/share/demo_cpp_service/environment/path.dsv
[0.226s] -- Up-to-date: /home/yuan/chapt4/chapt4_ws/install/demo_cpp_service/share/demo_cpp_service/local_setup.bash
[0.226s] -- Up-to-date: /home/yuan/chapt4/chapt4_ws/install/demo_cpp_service/share/demo_cpp_service/local_setup.sh
[0.226s] -- Up-to-date: /home/yuan/chapt4/chapt4_ws/install/demo_cpp_service/share/demo_cpp_service/local_setup.zsh
[0.226s] -- Up-to-date: /home/yuan/chapt4/chapt4_ws/install/demo_cpp_service/share/demo_cpp_service/local_setup.dsv
[0.226s] -- Installing: /home/yuan/chapt4/chapt4_ws/install/demo_cpp_service/share/demo_cpp_service/package.dsv
[0.226s] -- Up-to-date: /home/yuan/chapt4/chapt4_ws/install/demo_cpp_service/share/ament_index/resource_index/packages/demo_cpp_service
[0.226s] -- Up-to-date: /home/yuan/chapt4/chapt4_ws/install/demo_cpp_service/share/demo_cpp_service/cmake/demo_cpp_serviceConfig.cmake
[0.226s] -- Up-to-date: /home/yuan/chapt4/chapt4_ws/install/demo_cpp_service/share/demo_cpp_service/cmake/demo_cpp_serviceConfig-version.cmake
[0.226s] -- Up-to-date: /home/yuan/chapt4/chapt4_ws/install/demo_cpp_service/share/demo_cpp_service/package.xml
[0.227s] Invoked command in '/home/yuan/chapt4/chapt4_ws/build/demo_cpp_service' returned '0': CMAKE_PREFIX_PATH=/home/yuan/chapt4/chapt4_ws/install/chapt4_interfaces:/home/yuan/chapt4/chapt4_ws/install/demo_cpp_service:/home/yuan/astra_ws/install/astra_camera:/home/yuan/astra_ws/install/astra_camera_msgs:/home/yuan/chapt4/chapt4_ws/install/demo_python_service:/opt/ros/humble /usr/bin/cmake --install /home/yuan/chapt4/chapt4_ws/build/demo_cpp_service
