[0.008s] Invoking command in '/home/yuan/chapt4/chapt4_ws/build/demo_cpp_service': AMENT_PREFIX_PATH=/home/yuan/chapt4/chapt4_ws/install/chapt4_interfaces:${AMENT_PREFIX_PATH} CMAKE_PREFIX_PATH=/home/yuan/chapt4/chapt4_ws/install/chapt4_interfaces:/opt/ros/humble LD_LIBRARY_PATH=/home/yuan/chapt4/chapt4_ws/install/chapt4_interfaces/lib:${LD_LIBRARY_PATH} PYTHONPATH=/home/yuan/chapt4/chapt4_ws/install/chapt4_interfaces/local/lib/python3.10/dist-packages:${PYTHONPATH} /usr/bin/cmake --build /home/yuan/chapt4/chapt4_ws/build/demo_cpp_service -- -j16 -l16
[0.060s] [ 75%] [32mBuilding CXX object CMakeFiles/turtle_control.dir/src/turtle_control.cpp.o[0m
[0.060s] [ 75%] Built target patrol_client
[6.880s] [100%] [32m[1mLinking CXX executable turtle_control[0m
[7.198s] [100%] Built target turtle_control
[7.208s] Invoked command in '/home/yuan/chapt4/chapt4_ws/build/demo_cpp_service' returned '0': AMENT_PREFIX_PATH=/home/yuan/chapt4/chapt4_ws/install/chapt4_interfaces:${AMENT_PREFIX_PATH} CMAKE_PREFIX_PATH=/home/yuan/chapt4/chapt4_ws/install/chapt4_interfaces:/opt/ros/humble LD_LIBRARY_PATH=/home/yuan/chapt4/chapt4_ws/install/chapt4_interfaces/lib:${LD_LIBRARY_PATH} PYTHONPATH=/home/yuan/chapt4/chapt4_ws/install/chapt4_interfaces/local/lib/python3.10/dist-packages:${PYTHONPATH} /usr/bin/cmake --build /home/yuan/chapt4/chapt4_ws/build/demo_cpp_service -- -j16 -l16
[7.210s] Invoking command in '/home/yuan/chapt4/chapt4_ws/build/demo_cpp_service': AMENT_PREFIX_PATH=/home/yuan/chapt4/chapt4_ws/install/chapt4_interfaces:${AMENT_PREFIX_PATH} CMAKE_PREFIX_PATH=/home/yuan/chapt4/chapt4_ws/install/chapt4_interfaces:/opt/ros/humble LD_LIBRARY_PATH=/home/yuan/chapt4/chapt4_ws/install/chapt4_interfaces/lib:${LD_LIBRARY_PATH} PYTHONPATH=/home/yuan/chapt4/chapt4_ws/install/chapt4_interfaces/local/lib/python3.10/dist-packages:${PYTHONPATH} /usr/bin/cmake --install /home/yuan/chapt4/chapt4_ws/build/demo_cpp_service
[7.216s] -- Install configuration: ""
[7.216s] -- Installing: /home/yuan/chapt4/chapt4_ws/install/demo_cpp_service/lib/demo_cpp_service/turtle_control
[7.221s] -- Set runtime path of "/home/yuan/chapt4/chapt4_ws/install/demo_cpp_service/lib/demo_cpp_service/turtle_control" to ""
[7.221s] -- Up-to-date: /home/yuan/chapt4/chapt4_ws/install/demo_cpp_service/lib/demo_cpp_service/patrol_client
[7.221s] -- Up-to-date: /home/yuan/chapt4/chapt4_ws/install/demo_cpp_service/share/ament_index/resource_index/package_run_dependencies/demo_cpp_service
[7.221s] -- Up-to-date: /home/yuan/chapt4/chapt4_ws/install/demo_cpp_service/share/ament_index/resource_index/parent_prefix_path/demo_cpp_service
[7.221s] -- Up-to-date: /home/yuan/chapt4/chapt4_ws/install/demo_cpp_service/share/demo_cpp_service/environment/ament_prefix_path.sh
[7.221s] -- Up-to-date: /home/yuan/chapt4/chapt4_ws/install/demo_cpp_service/share/demo_cpp_service/environment/ament_prefix_path.dsv
[7.222s] -- Up-to-date: /home/yuan/chapt4/chapt4_ws/install/demo_cpp_service/share/demo_cpp_service/environment/path.sh
[7.222s] -- Up-to-date: /home/yuan/chapt4/chapt4_ws/install/demo_cpp_service/share/demo_cpp_service/environment/path.dsv
[7.222s] -- Up-to-date: /home/yuan/chapt4/chapt4_ws/install/demo_cpp_service/share/demo_cpp_service/local_setup.bash
[7.222s] -- Up-to-date: /home/yuan/chapt4/chapt4_ws/install/demo_cpp_service/share/demo_cpp_service/local_setup.sh
[7.222s] -- Up-to-date: /home/yuan/chapt4/chapt4_ws/install/demo_cpp_service/share/demo_cpp_service/local_setup.zsh
[7.222s] -- Up-to-date: /home/yuan/chapt4/chapt4_ws/install/demo_cpp_service/share/demo_cpp_service/local_setup.dsv
[7.222s] -- Installing: /home/yuan/chapt4/chapt4_ws/install/demo_cpp_service/share/demo_cpp_service/package.dsv
[7.222s] -- Up-to-date: /home/yuan/chapt4/chapt4_ws/install/demo_cpp_service/share/ament_index/resource_index/packages/demo_cpp_service
[7.222s] -- Up-to-date: /home/yuan/chapt4/chapt4_ws/install/demo_cpp_service/share/demo_cpp_service/cmake/demo_cpp_serviceConfig.cmake
[7.222s] -- Up-to-date: /home/yuan/chapt4/chapt4_ws/install/demo_cpp_service/share/demo_cpp_service/cmake/demo_cpp_serviceConfig-version.cmake
[7.222s] -- Up-to-date: /home/yuan/chapt4/chapt4_ws/install/demo_cpp_service/share/demo_cpp_service/package.xml
[7.224s] Invoked command in '/home/yuan/chapt4/chapt4_ws/build/demo_cpp_service' returned '0': AMENT_PREFIX_PATH=/home/yuan/chapt4/chapt4_ws/install/chapt4_interfaces:${AMENT_PREFIX_PATH} CMAKE_PREFIX_PATH=/home/yuan/chapt4/chapt4_ws/install/chapt4_interfaces:/opt/ros/humble LD_LIBRARY_PATH=/home/yuan/chapt4/chapt4_ws/install/chapt4_interfaces/lib:${LD_LIBRARY_PATH} PYTHONPATH=/home/yuan/chapt4/chapt4_ws/install/chapt4_interfaces/local/lib/python3.10/dist-packages:${PYTHONPATH} /usr/bin/cmake --install /home/yuan/chapt4/chapt4_ws/build/demo_cpp_service
