[0.612s] Invoking command in '/home/yuan/chapt4/chapt4_ws/src/demo_python_service': AMENT_PREFIX_PATH=/home/yuan/chapt4/chapt4_ws/install/chapt4_interfaces:${AMENT_PREFIX_PATH} CMAKE_PREFIX_PATH=/home/yuan/chapt4/chapt4_ws/install/chapt4_interfaces:${CMAKE_PREFIX_PATH} LD_LIBRARY_PATH=/home/yuan/chapt4/chapt4_ws/install/chapt4_interfaces/lib:${LD_LIBRARY_PATH} PYTHONPATH=/home/yuan/chapt4/chapt4_ws/build/demo_python_service/prefix_override:/usr/lib/python3/dist-packages/colcon_core/task/python/colcon_distutils_commands:/home/yuan/chapt4/chapt4_ws/install/demo_python_service/lib/python3.10/site-packages:/home/yuan/chapt4/chapt4_ws/install/chapt4_interfaces/local/lib/python3.10/dist-packages:${PYTHONPATH} /usr/bin/python3 -W ignore:setup.py install is deprecated -W ignore:easy_install command is deprecated setup.py egg_info --egg-base ../../build/demo_python_service build --build-base /home/yuan/chapt4/chapt4_ws/build/demo_python_service/build install --record /home/yuan/chapt4/chapt4_ws/build/demo_python_service/install.log --single-version-externally-managed install_data
[0.857s] running egg_info
[0.858s] writing ../../build/demo_python_service/demo_python_service.egg-info/PKG-INFO
[0.859s] writing dependency_links to ../../build/demo_python_service/demo_python_service.egg-info/dependency_links.txt
[0.859s] writing entry points to ../../build/demo_python_service/demo_python_service.egg-info/entry_points.txt
[0.859s] writing requirements to ../../build/demo_python_service/demo_python_service.egg-info/requires.txt
[0.859s] writing top-level names to ../../build/demo_python_service/demo_python_service.egg-info/top_level.txt
[0.862s] reading manifest file '../../build/demo_python_service/demo_python_service.egg-info/SOURCES.txt'
[0.863s] adding license file 'LICENSE'
[0.863s] writing manifest file '../../build/demo_python_service/demo_python_service.egg-info/SOURCES.txt'
[0.864s] running build
[0.864s] running build_py
[0.864s] running install
[0.865s] running install_lib
[0.867s] running install_data
[0.867s] running install_egg_info
[0.870s] removing '/home/yuan/chapt4/chapt4_ws/install/demo_python_service/lib/python3.10/site-packages/demo_python_service-0.0.0-py3.10.egg-info' (and everything under it)
[0.870s] Copying ../../build/demo_python_service/demo_python_service.egg-info to /home/yuan/chapt4/chapt4_ws/install/demo_python_service/lib/python3.10/site-packages/demo_python_service-0.0.0-py3.10.egg-info
[0.872s] running install_scripts
[0.897s] Installing face_detect_client_node script to /home/yuan/chapt4/chapt4_ws/install/demo_python_service/lib/demo_python_service
[0.897s] Installing face_detect_node script to /home/yuan/chapt4/chapt4_ws/install/demo_python_service/lib/demo_python_service
[0.897s] Installing learn_face_detect script to /home/yuan/chapt4/chapt4_ws/install/demo_python_service/lib/demo_python_service
[0.897s] writing list of installed files to '/home/yuan/chapt4/chapt4_ws/build/demo_python_service/install.log'
[0.930s] Invoked command in '/home/yuan/chapt4/chapt4_ws/src/demo_python_service' returned '0': AMENT_PREFIX_PATH=/home/yuan/chapt4/chapt4_ws/install/chapt4_interfaces:${AMENT_PREFIX_PATH} CMAKE_PREFIX_PATH=/home/yuan/chapt4/chapt4_ws/install/chapt4_interfaces:${CMAKE_PREFIX_PATH} LD_LIBRARY_PATH=/home/yuan/chapt4/chapt4_ws/install/chapt4_interfaces/lib:${LD_LIBRARY_PATH} PYTHONPATH=/home/yuan/chapt4/chapt4_ws/build/demo_python_service/prefix_override:/usr/lib/python3/dist-packages/colcon_core/task/python/colcon_distutils_commands:/home/yuan/chapt4/chapt4_ws/install/demo_python_service/lib/python3.10/site-packages:/home/yuan/chapt4/chapt4_ws/install/chapt4_interfaces/local/lib/python3.10/dist-packages:${PYTHONPATH} /usr/bin/python3 -W ignore:setup.py install is deprecated -W ignore:easy_install command is deprecated setup.py egg_info --egg-base ../../build/demo_python_service build --build-base /home/yuan/chapt4/chapt4_ws/build/demo_python_service/build install --record /home/yuan/chapt4/chapt4_ws/build/demo_python_service/install.log --single-version-externally-managed install_data
