[0.008s] Invoking command in '/home/yuan/chapt2/chapt2_ws/src/build/demo_cpp_pkg': CMAKE_PREFIX_PATH=/opt/ros/humble /usr/bin/cmake --build /home/yuan/chapt2/chapt2_ws/src/build/demo_cpp_pkg -- -j16 -l16
[0.030s] -- Found ament_cmake: 1.3.12 (/opt/ros/humble/share/ament_cmake/cmake)
[0.121s] -- Found rclcpp: 16.0.16 (/opt/ros/humble/share/rclcpp/cmake)
[0.142s] -- Found rosidl_generator_c: 3.1.7 (/opt/ros/humble/share/rosidl_generator_c/cmake)
[0.144s] -- Found rosidl_adapter: 3.1.7 (/opt/ros/humble/share/rosidl_adapter/cmake)
[0.148s] -- Found rosidl_generator_cpp: 3.1.7 (/opt/ros/humble/share/rosidl_generator_cpp/cmake)
[0.155s] -- Using all available rosidl_typesupport_c: rosidl_typesupport_fastrtps_c;rosidl_typesupport_introspection_c
[0.164s] -- Using all available rosidl_typesupport_cpp: rosidl_typesupport_fastrtps_cpp;rosidl_typesupport_introspection_cpp
[0.186s] -- Found rmw_implementation_cmake: 6.1.2 (/opt/ros/humble/share/rmw_implementation_cmake/cmake)
[0.187s] -- Found rmw_fastrtps_cpp: 6.2.9 (/opt/ros/humble/share/rmw_fastrtps_cpp/cmake)
[0.268s] -- Using RMW implementation 'rmw_fastrtps_cpp' as default
[0.309s] [31mCMake Error at CMakeLists.txt:16 (find_package):
[0.309s]   By not providing "Findhttplib.cmake" in CMAKE_MODULE_PATH this project has
[0.310s]   asked CMake to find a package configuration file provided by "httplib", but
[0.310s]   CMake did not find one.
[0.310s] 
[0.310s]   Could not find a package configuration file provided by "httplib" with any
[0.310s]   of the following names:
[0.310s] 
[0.310s]     httplibConfig.cmake
[0.310s]     httplib-config.cmake
[0.310s] 
[0.310s]   Add the installation prefix of "httplib" to CMAKE_PREFIX_PATH or set
[0.310s]   "httplib_DIR" to a directory containing one of the above files.  If
[0.310s]   "httplib" provides a separate development package or SDK, be sure it has
[0.310s]   been installed.
[0.310s] 
[0.310s] [0m
[0.310s] -- Configuring incomplete, errors occurred!
[0.310s] See also "/home/yuan/chapt2/chapt2_ws/src/build/demo_cpp_pkg/CMakeFiles/CMakeOutput.log".
[0.316s] gmake: *** [Makefile:513：cmake_check_build_system] 错误 1
[0.318s] Invoked command in '/home/yuan/chapt2/chapt2_ws/src/build/demo_cpp_pkg' returned '2': CMAKE_PREFIX_PATH=/opt/ros/humble /usr/bin/cmake --build /home/yuan/chapt2/chapt2_ws/src/build/demo_cpp_pkg -- -j16 -l16
