[0.008s] Invoking command in '/home/yuan/chapt2/chapt2_ws/src/build/demo_cpp_pkg': CMAKE_PREFIX_PATH=${CMAKE_PREFIX_PATH}:/opt/ros/humble /usr/bin/cmake --build /home/yuan/chapt2/chapt2_ws/src/build/demo_cpp_pkg -- -j16 -l16
[0.044s] [35m[1mConsolidate compiler generated dependencies of target learn_shared_ptr[0m
[0.054s] [ 25%] Built target learn_auto
[0.056s] [ 50%] [32mBuilding CXX object CMakeFiles/learn_shared_ptr.dir/src/learn_shared_ptr.cpp.o[0m
[0.056s] [ 62%] Built target person_node
[0.056s] [ 87%] Built target cpp_node
[0.324s] [100%] [32m[1mLinking CXX executable learn_shared_ptr[0m
[0.383s] [100%] Built target learn_shared_ptr
[0.393s] Invoked command in '/home/yuan/chapt2/chapt2_ws/src/build/demo_cpp_pkg' returned '0': CMAKE_PREFIX_PATH=${CMAKE_PREFIX_PATH}:/opt/ros/humble /usr/bin/cmake --build /home/yuan/chapt2/chapt2_ws/src/build/demo_cpp_pkg -- -j16 -l16
[0.403s] Invoking command in '/home/yuan/chapt2/chapt2_ws/src/build/demo_cpp_pkg': CMAKE_PREFIX_PATH=${CMAKE_PREFIX_PATH}:/opt/ros/humble /usr/bin/cmake --install /home/yuan/chapt2/chapt2_ws/src/build/demo_cpp_pkg
[0.409s] -- Install configuration: ""
[0.409s] -- Up-to-date: /home/yuan/chapt2/chapt2_ws/src/install/demo_cpp_pkg/lib/demo_cpp_pkg/cpp_node
[0.409s] -- Up-to-date: /home/yuan/chapt2/chapt2_ws/src/install/demo_cpp_pkg/lib/demo_cpp_pkg/person_node
[0.409s] -- Up-to-date: /home/yuan/chapt2/chapt2_ws/src/install/demo_cpp_pkg/lib/demo_cpp_pkg/learn_auto
[0.409s] -- Installing: /home/yuan/chapt2/chapt2_ws/src/install/demo_cpp_pkg/lib/demo_cpp_pkg/learn_shared_ptr
[0.410s] -- Up-to-date: /home/yuan/chapt2/chapt2_ws/src/install/demo_cpp_pkg/share/ament_index/resource_index/package_run_dependencies/demo_cpp_pkg
[0.410s] -- Up-to-date: /home/yuan/chapt2/chapt2_ws/src/install/demo_cpp_pkg/share/ament_index/resource_index/parent_prefix_path/demo_cpp_pkg
[0.410s] -- Up-to-date: /home/yuan/chapt2/chapt2_ws/src/install/demo_cpp_pkg/share/demo_cpp_pkg/environment/ament_prefix_path.sh
[0.410s] -- Up-to-date: /home/yuan/chapt2/chapt2_ws/src/install/demo_cpp_pkg/share/demo_cpp_pkg/environment/ament_prefix_path.dsv
[0.410s] -- Up-to-date: /home/yuan/chapt2/chapt2_ws/src/install/demo_cpp_pkg/share/demo_cpp_pkg/environment/path.sh
[0.410s] -- Up-to-date: /home/yuan/chapt2/chapt2_ws/src/install/demo_cpp_pkg/share/demo_cpp_pkg/environment/path.dsv
[0.410s] -- Up-to-date: /home/yuan/chapt2/chapt2_ws/src/install/demo_cpp_pkg/share/demo_cpp_pkg/local_setup.bash
[0.410s] -- Up-to-date: /home/yuan/chapt2/chapt2_ws/src/install/demo_cpp_pkg/share/demo_cpp_pkg/local_setup.sh
[0.410s] -- Up-to-date: /home/yuan/chapt2/chapt2_ws/src/install/demo_cpp_pkg/share/demo_cpp_pkg/local_setup.zsh
[0.410s] -- Up-to-date: /home/yuan/chapt2/chapt2_ws/src/install/demo_cpp_pkg/share/demo_cpp_pkg/local_setup.dsv
[0.410s] -- Up-to-date: /home/yuan/chapt2/chapt2_ws/src/install/demo_cpp_pkg/share/demo_cpp_pkg/package.dsv
[0.410s] -- Up-to-date: /home/yuan/chapt2/chapt2_ws/src/install/demo_cpp_pkg/share/ament_index/resource_index/packages/demo_cpp_pkg
[0.410s] -- Up-to-date: /home/yuan/chapt2/chapt2_ws/src/install/demo_cpp_pkg/share/demo_cpp_pkg/cmake/demo_cpp_pkgConfig.cmake
[0.411s] -- Up-to-date: /home/yuan/chapt2/chapt2_ws/src/install/demo_cpp_pkg/share/demo_cpp_pkg/cmake/demo_cpp_pkgConfig-version.cmake
[0.411s] -- Up-to-date: /home/yuan/chapt2/chapt2_ws/src/install/demo_cpp_pkg/share/demo_cpp_pkg/package.xml
[0.412s] Invoked command in '/home/yuan/chapt2/chapt2_ws/src/build/demo_cpp_pkg' returned '0': CMAKE_PREFIX_PATH=${CMAKE_PREFIX_PATH}:/opt/ros/humble /usr/bin/cmake --install /home/yuan/chapt2/chapt2_ws/src/build/demo_cpp_pkg
